Build started 04.07.2016 1:43:43.
     1>Project "C:\Users\User\Documents\Visual Studio 2012\Projects\play_me\play_me\play_me.vcxproj" on node 2 (Build target(s)).
     1>ClCompile:
         C:\Program Files (x86)\Microsoft Visual Studio 11.0\VC\bin\CL.exe /c /I"D:\SFML-2.3.1\include" /ID:\freeglut\include /I"D:\glew-1.13.0\include" /ZI /nologo /W3 /WX- /Od /Oy- /D SFML_STATIC /D WIN32 /D _DEBUG /D _CONSOLE /D _UNICODE /D UNICODE /Gm /EHsc /RTC1 /MDd /GS /fp:precise /Zc:wchar_t /Zc:forScope /Fo"Debug\\" /Fd"Debug\vc110.pdb" /Gd /TP /analyze- /errorReport:prompt cat.cpp
         cat.cpp
     1>c:\users\user\documents\visual studio 2012\projects\play_me\play_me\math_3d.h(161): warning C4244: '=' : conversion from 'const int' to 'float', possible loss of data
     1>c:\users\user\documents\visual studio 2012\projects\play_me\play_me\math_3d.h(162): warning C4244: '=' : conversion from 'const int' to 'float', possible loss of data
     1>c:\users\user\documents\visual studio 2012\projects\play_me\play_me\math_3d.h(170): warning C4005: 'FOR' : macro redefinition
                 c:\users\user\documents\visual studio 2012\projects\play_me\play_me\fadma.h(26) : see previous definition of 'FOR'
     1>c:\users\user\documents\visual studio 2012\projects\play_me\play_me\hot_vars.h(54): warning C4005: 'D_' : macro redefinition
                 c:\users\user\documents\visual studio 2012\projects\play_me\play_me\glob.h(12) : see previous definition of 'D_'
     1>c:\users\user\documents\visual studio 2012\projects\play_me\play_me\cat.cpp(37): warning C4244: '=' : conversion from 'float' to 'int', possible loss of data
     1>c:\users\user\documents\visual studio 2012\projects\play_me\play_me\cat.cpp(38): warning C4244: '=' : conversion from 'float' to 'int', possible loss of data
     1>c:\users\user\documents\visual studio 2012\projects\play_me\play_me\cat.cpp(55): warning C4244: '=' : conversion from 'double' to 'float', possible loss of data
     1>c:\users\user\documents\visual studio 2012\projects\play_me\play_me\cat.cpp(65): warning C4244: '=' : conversion from 'float' to 'int', possible loss of data
     1>c:\users\user\documents\visual studio 2012\projects\play_me\play_me\cat.cpp(78): warning C4305: '=' : truncation from 'double' to 'float'
     1>c:\users\user\documents\visual studio 2012\projects\play_me\play_me\cat.cpp(96): warning C4244: '=' : conversion from 'float' to 'int', possible loss of data
     1>c:\users\user\documents\visual studio 2012\projects\play_me\play_me\cat.cpp(97): warning C4244: '=' : conversion from 'float' to 'int', possible loss of data
     1>c:\users\user\documents\visual studio 2012\projects\play_me\play_me\cat.cpp(121): warning C4244: '=' : conversion from 'float' to 'int', possible loss of data
     1>c:\users\user\documents\visual studio 2012\projects\play_me\play_me\cat.cpp(128): warning C4244: '+=' : conversion from 'double' to 'float', possible loss of data
     1>c:\users\user\documents\visual studio 2012\projects\play_me\play_me\cat.cpp(129): warning C4305: 'argument' : truncation from 'double' to 'float'
     1>c:\users\user\documents\visual studio 2012\projects\play_me\play_me\cat.cpp(149): warning C4244: '=' : conversion from 'float' to 'int', possible loss of data
     1>c:\users\user\documents\visual studio 2012\projects\play_me\play_me\cat.cpp(153): warning C4244: '=' : conversion from 'int' to 'float', possible loss of data
     1>c:\users\user\documents\visual studio 2012\projects\play_me\play_me\cat.cpp(156): warning C4244: '=' : conversion from 'int' to 'float', possible loss of data
     1>c:\users\user\documents\visual studio 2012\projects\play_me\play_me\cat.cpp(211): warning C4244: '=' : conversion from 'int' to 'float', possible loss of data
       Link:
         C:\Program Files (x86)\Microsoft Visual Studio 11.0\VC\bin\link.exe /ERRORREPORT:PROMPT /OUT:"C:\Users\User\Documents\Visual Studio 2012\Projects\play_me\Debug\play_me.exe" /INCREMENTAL /NOLOGO /LIBPATH:"D:\SFML-2.3.1\lib" /LIBPATH:D:\freeglut\lib /LIBPATH:"D:\glew-1.13.0\lib" "sfml-graphics-s-d.lib" "sfml-window-s-d.lib" "sfml-system-s-d.lib" "sfml-audio-s-d.lib" "sfml-main.lib" freeglut.lib glew32.lib kernel32.lib user32.lib gdi32.lib winspool.lib comdlg32.lib advapi32.lib shell32.lib ole32.lib oleaut32.lib uuid.lib odbc32.lib odbccp32.lib /MANIFEST /MANIFESTUAC:"level='asInvoker' uiAccess='false'" /manifest:embed /DEBUG /PDB:"C:\Users\User\Documents\Visual Studio 2012\Projects\play_me\Debug\play_me.pdb" /SUBSYSTEM:CONSOLE /TLBID:1 /DYNAMICBASE /NXCOMPAT /IMPLIB:"C:\Users\User\Documents\Visual Studio 2012\Projects\play_me\Debug\play_me.lib" /MACHINE:X86 Debug\camera.obj
         Debug\cat.obj
         Debug\core.obj
         Debug\direction.obj
         Debug\fadma.obj
         Debug\frame_buffer.obj
         Debug\glob.obj
         Debug\glob_vars.obj
         Debug\hot_vars.obj
         Debug\input.obj
         Debug\item.obj
         Debug\lodepng.obj
         Debug\main.obj
         Debug\math.obj
         Debug\object.obj
         Debug\particle_system.obj
         Debug\png.obj
         Debug\pure_opengl.obj
         Debug\read_write.obj
         Debug\Renderer.obj
         Debug\rgba_array.obj
         Debug\solid.obj
         Debug\space.obj
         Debug\static_im.obj
     1>sfml-graphics-s-d.lib(Color.cpp.obj) : warning LNK4099: PDB 'vc110.pdb' was not found with 'sfml-graphics-s-d.lib(Color.cpp.obj)' or at 'C:\Users\User\Documents\Visual Studio 2012\Projects\play_me\Debug\vc110.pdb'; linking object as if no debug info
     1>sfml-window-s-d.lib(Context.cpp.obj) : warning LNK4099: PDB 'vc110.pdb' was not found with 'sfml-window-s-d.lib(Context.cpp.obj)' or at 'C:\Users\User\Documents\Visual Studio 2012\Projects\play_me\Debug\vc110.pdb'; linking object as if no debug info
     1>sfml-window-s-d.lib(GlContext.cpp.obj) : warning LNK4099: PDB 'vc110.pdb' was not found with 'sfml-window-s-d.lib(GlContext.cpp.obj)' or at 'C:\Users\User\Documents\Visual Studio 2012\Projects\play_me\Debug\vc110.pdb'; linking object as if no debug info
     1>sfml-window-s-d.lib(GlResource.cpp.obj) : warning LNK4099: PDB 'vc110.pdb' was not found with 'sfml-window-s-d.lib(GlResource.cpp.obj)' or at 'C:\Users\User\Documents\Visual Studio 2012\Projects\play_me\Debug\vc110.pdb'; linking object as if no debug info
     1>sfml-window-s-d.lib(Joystick.cpp.obj) : warning LNK4099: PDB 'vc110.pdb' was not found with 'sfml-window-s-d.lib(Joystick.cpp.obj)' or at 'C:\Users\User\Documents\Visual Studio 2012\Projects\play_me\Debug\vc110.pdb'; linking object as if no debug info
     1>sfml-window-s-d.lib(JoystickManager.cpp.obj) : warning LNK4099: PDB 'vc110.pdb' was not found with 'sfml-window-s-d.lib(JoystickManager.cpp.obj)' or at 'C:\Users\User\Documents\Visual Studio 2012\Projects\play_me\Debug\vc110.pdb'; linking object as if no debug info
     1>sfml-window-s-d.lib(Keyboard.cpp.obj) : warning LNK4099: PDB 'vc110.pdb' was not found with 'sfml-window-s-d.lib(Keyboard.cpp.obj)' or at 'C:\Users\User\Documents\Visual Studio 2012\Projects\play_me\Debug\vc110.pdb'; linking object as if no debug info
     1>sfml-window-s-d.lib(Mouse.cpp.obj) : warning LNK4099: PDB 'vc110.pdb' was not found with 'sfml-window-s-d.lib(Mouse.cpp.obj)' or at 'C:\Users\User\Documents\Visual Studio 2012\Projects\play_me\Debug\vc110.pdb'; linking object as if no debug info
     1>sfml-window-s-d.lib(SensorManager.cpp.obj) : warning LNK4099: PDB 'vc110.pdb' was not found with 'sfml-window-s-d.lib(SensorManager.cpp.obj)' or at 'C:\Users\User\Documents\Visual Studio 2012\Projects\play_me\Debug\vc110.pdb'; linking object as if no debug info
     1>sfml-window-s-d.lib(VideoMode.cpp.obj) : warning LNK4099: PDB 'vc110.pdb' was not found with 'sfml-window-s-d.lib(VideoMode.cpp.obj)' or at 'C:\Users\User\Documents\Visual Studio 2012\Projects\play_me\Debug\vc110.pdb'; linking object as if no debug info
     1>sfml-window-s-d.lib(Window.cpp.obj) : warning LNK4099: PDB 'vc110.pdb' was not found with 'sfml-window-s-d.lib(Window.cpp.obj)' or at 'C:\Users\User\Documents\Visual Studio 2012\Projects\play_me\Debug\vc110.pdb'; linking object as if no debug info
     1>sfml-window-s-d.lib(WindowImpl.cpp.obj) : warning LNK4099: PDB 'vc110.pdb' was not found with 'sfml-window-s-d.lib(WindowImpl.cpp.obj)' or at 'C:\Users\User\Documents\Visual Studio 2012\Projects\play_me\Debug\vc110.pdb'; linking object as if no debug info
     1>sfml-window-s-d.lib(WglContext.cpp.obj) : warning LNK4099: PDB 'vc110.pdb' was not found with 'sfml-window-s-d.lib(WglContext.cpp.obj)' or at 'C:\Users\User\Documents\Visual Studio 2012\Projects\play_me\Debug\vc110.pdb'; linking object as if no debug info
     1>sfml-window-s-d.lib(WglExtensions.cpp.obj) : warning LNK4099: PDB 'vc110.pdb' was not found with 'sfml-window-s-d.lib(WglExtensions.cpp.obj)' or at 'C:\Users\User\Documents\Visual Studio 2012\Projects\play_me\Debug\vc110.pdb'; linking object as if no debug info
     1>sfml-window-s-d.lib(InputImpl.cpp.obj) : warning LNK4099: PDB 'vc110.pdb' was not found with 'sfml-window-s-d.lib(InputImpl.cpp.obj)' or at 'C:\Users\User\Documents\Visual Studio 2012\Projects\play_me\Debug\vc110.pdb'; linking object as if no debug info
     1>sfml-window-s-d.lib(JoystickImpl.cpp.obj) : warning LNK4099: PDB 'vc110.pdb' was not found with 'sfml-window-s-d.lib(JoystickImpl.cpp.obj)' or at 'C:\Users\User\Documents\Visual Studio 2012\Projects\play_me\Debug\vc110.pdb'; linking object as if no debug info
     1>sfml-window-s-d.lib(SensorImpl.cpp.obj) : warning LNK4099: PDB 'vc110.pdb' was not found with 'sfml-window-s-d.lib(SensorImpl.cpp.obj)' or at 'C:\Users\User\Documents\Visual Studio 2012\Projects\play_me\Debug\vc110.pdb'; linking object as if no debug info
     1>sfml-window-s-d.lib(VideoModeImpl.cpp.obj) : warning LNK4099: PDB 'vc110.pdb' was not found with 'sfml-window-s-d.lib(VideoModeImpl.cpp.obj)' or at 'C:\Users\User\Documents\Visual Studio 2012\Projects\play_me\Debug\vc110.pdb'; linking object as if no debug info
     1>sfml-window-s-d.lib(WindowImplWin32.cpp.obj) : warning LNK4099: PDB 'vc110.pdb' was not found with 'sfml-window-s-d.lib(WindowImplWin32.cpp.obj)' or at 'C:\Users\User\Documents\Visual Studio 2012\Projects\play_me\Debug\vc110.pdb'; linking object as if no debug info
     1>sfml-system-s-d.lib(Clock.cpp.obj) : warning LNK4099: PDB 'vc110.pdb' was not found with 'sfml-system-s-d.lib(Clock.cpp.obj)' or at 'C:\Users\User\Documents\Visual Studio 2012\Projects\play_me\Debug\vc110.pdb'; linking object as if no debug info
     1>sfml-system-s-d.lib(Err.cpp.obj) : warning LNK4099: PDB 'vc110.pdb' was not found with 'sfml-system-s-d.lib(Err.cpp.obj)' or at 'C:\Users\User\Documents\Visual Studio 2012\Projects\play_me\Debug\vc110.pdb'; linking object as if no debug info
     1>sfml-system-s-d.lib(Lock.cpp.obj) : warning LNK4099: PDB 'vc110.pdb' was not found with 'sfml-system-s-d.lib(Lock.cpp.obj)' or at 'C:\Users\User\Documents\Visual Studio 2012\Projects\play_me\Debug\vc110.pdb'; linking object as if no debug info
     1>sfml-system-s-d.lib(Mutex.cpp.obj) : warning LNK4099: PDB 'vc110.pdb' was not found with 'sfml-system-s-d.lib(Mutex.cpp.obj)' or at 'C:\Users\User\Documents\Visual Studio 2012\Projects\play_me\Debug\vc110.pdb'; linking object as if no debug info
     1>sfml-system-s-d.lib(Sleep.cpp.obj) : warning LNK4099: PDB 'vc110.pdb' was not found with 'sfml-system-s-d.lib(Sleep.cpp.obj)' or at 'C:\Users\User\Documents\Visual Studio 2012\Projects\play_me\Debug\vc110.pdb'; linking object as if no debug info
     1>sfml-system-s-d.lib(String.cpp.obj) : warning LNK4099: PDB 'vc110.pdb' was not found with 'sfml-system-s-d.lib(String.cpp.obj)' or at 'C:\Users\User\Documents\Visual Studio 2012\Projects\play_me\Debug\vc110.pdb'; linking object as if no debug info
     1>sfml-system-s-d.lib(ThreadLocal.cpp.obj) : warning LNK4099: PDB 'vc110.pdb' was not found with 'sfml-system-s-d.lib(ThreadLocal.cpp.obj)' or at 'C:\Users\User\Documents\Visual Studio 2012\Projects\play_me\Debug\vc110.pdb'; linking object as if no debug info
     1>sfml-system-s-d.lib(Time.cpp.obj) : warning LNK4099: PDB 'vc110.pdb' was not found with 'sfml-system-s-d.lib(Time.cpp.obj)' or at 'C:\Users\User\Documents\Visual Studio 2012\Projects\play_me\Debug\vc110.pdb'; linking object as if no debug info
     1>sfml-system-s-d.lib(ClockImpl.cpp.obj) : warning LNK4099: PDB 'vc110.pdb' was not found with 'sfml-system-s-d.lib(ClockImpl.cpp.obj)' or at 'C:\Users\User\Documents\Visual Studio 2012\Projects\play_me\Debug\vc110.pdb'; linking object as if no debug info
     1>sfml-system-s-d.lib(MutexImpl.cpp.obj) : warning LNK4099: PDB 'vc110.pdb' was not found with 'sfml-system-s-d.lib(MutexImpl.cpp.obj)' or at 'C:\Users\User\Documents\Visual Studio 2012\Projects\play_me\Debug\vc110.pdb'; linking object as if no debug info
     1>sfml-system-s-d.lib(SleepImpl.cpp.obj) : warning LNK4099: PDB 'vc110.pdb' was not found with 'sfml-system-s-d.lib(SleepImpl.cpp.obj)' or at 'C:\Users\User\Documents\Visual Studio 2012\Projects\play_me\Debug\vc110.pdb'; linking object as if no debug info
     1>sfml-system-s-d.lib(ThreadLocalImpl.cpp.obj) : warning LNK4099: PDB 'vc110.pdb' was not found with 'sfml-system-s-d.lib(ThreadLocalImpl.cpp.obj)' or at 'C:\Users\User\Documents\Visual Studio 2012\Projects\play_me\Debug\vc110.pdb'; linking object as if no debug info
         play_me.vcxproj -> C:\Users\User\Documents\Visual Studio 2012\Projects\play_me\Debug\play_me.exe
     1>Done Building Project "C:\Users\User\Documents\Visual Studio 2012\Projects\play_me\play_me\play_me.vcxproj" (Build target(s)).

Build succeeded.

Time Elapsed 00:00:07.91
