Build started 03.06.2016 16:34:47.
     1>Project "C:\Users\User\Documents\Visual Studio 2012\Projects\play_me\play_me\play_me.vcxproj" on node 2 (Build target(s)).
     1>ClCompile:
         C:\Program Files (x86)\Microsoft Visual Studio 11.0\VC\bin\CL.exe /c /I"D:\SFML-2.3.1\include" /ID:\freeglut\include /I"D:\glew-1.13.0\include" /Zi /nologo /W3 /WX- /O2 /Oi /Oy- /GL /D SFML_STATIC /D WIN32 /D NDEBUG /D _CONSOLE /D _UNICODE /D UNICODE /Gm- /EHsc /MD /GS /Gy /fp:precise /Zc:wchar_t /Zc:forScope /Fo"Release\\" /Fd"Release\vc110.pdb" /Gd /TP /analyze- /errorReport:prompt cat.cpp object.cpp
         cat.cpp
     1>c:\users\user\documents\visual studio 2012\projects\play_me\play_me\math_3d.h(159): warning C4244: '=' : conversion from 'const int' to 'float', possible loss of data
     1>c:\users\user\documents\visual studio 2012\projects\play_me\play_me\math_3d.h(160): warning C4244: '=' : conversion from 'const int' to 'float', possible loss of data
     1>c:\users\user\documents\visual studio 2012\projects\play_me\play_me\math_3d.h(165): warning C4005: 'FOR' : macro redefinition
                 c:\users\user\documents\visual studio 2012\projects\play_me\play_me\fadma.h(25) : see previous definition of 'FOR'
     1>c:\users\user\documents\visual studio 2012\projects\play_me\play_me\hot_vars.h(54): warning C4005: 'D_' : macro redefinition
                 c:\users\user\documents\visual studio 2012\projects\play_me\play_me\glob.h(12) : see previous definition of 'D_'
     1>cat.cpp(17): warning C4244: '=' : conversion from 'double' to 'float', possible loss of data
         object.cpp
     1>c:\users\user\documents\visual studio 2012\projects\play_me\play_me\math_3d.h(159): warning C4244: '=' : conversion from 'const int' to 'float', possible loss of data
     1>c:\users\user\documents\visual studio 2012\projects\play_me\play_me\math_3d.h(160): warning C4244: '=' : conversion from 'const int' to 'float', possible loss of data
     1>c:\users\user\documents\visual studio 2012\projects\play_me\play_me\math_3d.h(165): warning C4005: 'FOR' : macro redefinition
                 c:\users\user\documents\visual studio 2012\projects\play_me\play_me\fadma.h(25) : see previous definition of 'FOR'
       Link:
         C:\Program Files (x86)\Microsoft Visual Studio 11.0\VC\bin\link.exe /ERRORREPORT:PROMPT /OUT:"C:\Users\User\Documents\Visual Studio 2012\Projects\play_me\Release\play_me.exe" /INCREMENTAL:NO /NOLOGO /LIBPATH:"D:\SFML-2.3.1\lib" /LIBPATH:D:\freeglut\lib /LIBPATH:"D:\glew-1.13.0\lib" "sfml-graphics-s.lib" "sfml-window-s.lib" "sfml-system-s.lib" "sfml-audio-s.lib" "sfml-main.lib" freeglut.lib glew32.lib kernel32.lib user32.lib gdi32.lib winspool.lib comdlg32.lib advapi32.lib shell32.lib ole32.lib oleaut32.lib uuid.lib odbc32.lib odbccp32.lib /MANIFEST /MANIFESTUAC:"level='asInvoker' uiAccess='false'" /manifest:embed /DEBUG /PDB:"C:\Users\User\Documents\Visual Studio 2012\Projects\play_me\Release\play_me.pdb" /SUBSYSTEM:CONSOLE /OPT:REF /OPT:ICF /LTCG /TLBID:1 /DYNAMICBASE /NXCOMPAT /IMPLIB:"C:\Users\User\Documents\Visual Studio 2012\Projects\play_me\Release\play_me.lib" /MACHINE:X86 /SAFESEH Release\cat.obj
         Release\core.obj
         Release\direction.obj
         Release\fadma.obj
         Release\frame_buffer.obj
         Release\glob.obj
         Release\hot_vars.obj
         Release\input.obj
         Release\lodepng.obj
         Release\main.obj
         Release\math.obj
         Release\object.obj
         Release\pure_opengl.obj
         Release\read_write.obj
         Release\Renderer.obj
         Release\rgba_array.obj
         Release\solid.obj
         Release\space.obj
         Release\static_im.obj
         Generating code
     1>c:\users\user\documents\visual studio 2012\projects\play_me\play_me\object.cpp(28): warning C4715: 'new_Object' : not all control paths return a value
         Finished generating code
         play_me.vcxproj -> C:\Users\User\Documents\Visual Studio 2012\Projects\play_me\Release\play_me.exe
     1>Done Building Project "C:\Users\User\Documents\Visual Studio 2012\Projects\play_me\play_me\play_me.vcxproj" (Build target(s)).

Build succeeded.

Time Elapsed 00:00:11.13
